{
  "RSpec": {
    "coverage": {
      "/Users/marianne/workspace/claims-auth/spec/acl_spec.rb": [
        1,
        1,
        null,
        1,
        13,
        null,
        1,
        1,
        1,
        null,
        1,
        null,
        null,
        null,
        1,
        1,
        1,
        1,
        null,
        1,
        null,
        null,
        null,
        1,
        1,
        1,
        1,
        null,
        1,
        null,
        null,
        null,
        1,
        1,
        null,
        1,
        null,
        null,
        1,
        1,
        null,
        null,
        null,
        1,
        8,
        null,
        1,
        1,
        1,
        1,
        null,
        1,
        null,
        null,
        1,
        1,
        null,
        null,
        1,
        1,
        null,
        null,
        null,
        1,
        1,
        1,
        null,
        null,
        null,
        1,
        1,
        1,
        1,
        1,
        null,
        null,
        null,
        null,
        1,
        1,
        1,
        1,
        null,
        null,
        null,
        1,
        1,
        1,
        null,
        null,
        null,
        null,
        null,
        null,
        1,
        1,
        3,
        null,
        1,
        1,
        null,
        null,
        1,
        1,
        null,
        null,
        null
      ],
      "/Users/marianne/workspace/claims-auth/spec/authorizer_spec.rb": [
        1,
        1,
        null,
        1,
        1,
        null,
        1,
        0,
        null,
        null,
        1,
        null,
        null,
        null
      ]
    },
    "timestamp": 1530671285
  }
}
